[debug] [2026-03-12T02:00:04.468Z] ----------------------------------------------------------------------
[debug] [2026-03-12T02:00:04.472Z] Command:       C:\Program Files\nodejs\node.exe C:\Users\Dell\AppData\Roaming\npm\node_modules\firebase-tools\lib\bin\firebase.js deploy --only functions
[debug] [2026-03-12T02:00:04.472Z] CLI Version:   14.2.1
[debug] [2026-03-12T02:00:04.473Z] Platform:      win32
[debug] [2026-03-12T02:00:04.473Z] Node Version:  v24.11.1
[debug] [2026-03-12T02:00:04.473Z] Time:          Thu Mar 12 2026 03:00:04 GMT+0100 (West Africa Standard Time)
[debug] [2026-03-12T02:00:04.473Z] ----------------------------------------------------------------------
[debug] 
[debug] [2026-03-12T02:00:04.764Z] > command requires scopes: ["email","openid","https://www.googleapis.com/auth/cloudplatformprojects.readonly","https://www.googleapis.com/auth/firebase","https://www.googleapis.com/auth/cloud-platform"]
[debug] [2026-03-12T02:00:04.764Z] > authorizing via signed-in user (matthewcarwashandcleaning@gmail.com)
[debug] [2026-03-12T02:00:04.764Z] [iam] checking project matthew-car-wash-and-cleaning for permissions ["cloudfunctions.functions.create","cloudfunctions.functions.delete","cloudfunctions.functions.get","cloudfunctions.functions.list","cloudfunctions.functions.update","cloudfunctions.operations.get","firebase.projects.get"]
[debug] [2026-03-12T02:00:04.766Z] Checked if tokens are valid: true, expires at: 1773283607402
[debug] [2026-03-12T02:00:04.766Z] Checked if tokens are valid: true, expires at: 1773283607402
[debug] [2026-03-12T02:00:04.767Z] >>> [apiv2][query] POST https://cloudresourcemanager.googleapis.com/v1/projects/matthew-car-wash-and-cleaning:testIamPermissions [none]
[debug] [2026-03-12T02:00:04.768Z] >>> [apiv2][(partial)header] POST https://cloudresourcemanager.googleapis.com/v1/projects/matthew-car-wash-and-cleaning:testIamPermissions x-goog-quota-user=projects/matthew-car-wash-and-cleaning
[debug] [2026-03-12T02:00:04.768Z] >>> [apiv2][body] POST https://cloudresourcemanager.googleapis.com/v1/projects/matthew-car-wash-and-cleaning:testIamPermissions {"permissions":["cloudfunctions.functions.create","cloudfunctions.functions.delete","cloudfunctions.functions.get","cloudfunctions.functions.list","cloudfunctions.functions.update","cloudfunctions.operations.get","firebase.projects.get"]}
[debug] [2026-03-12T02:00:06.116Z] <<< [apiv2][status] POST https://cloudresourcemanager.googleapis.com/v1/projects/matthew-car-wash-and-cleaning:testIamPermissions 200
[debug] [2026-03-12T02:00:06.117Z] <<< [apiv2][body] POST https://cloudresourcemanager.googleapis.com/v1/projects/matthew-car-wash-and-cleaning:testIamPermissions {"permissions":["cloudfunctions.functions.create","cloudfunctions.functions.delete","cloudfunctions.functions.get","cloudfunctions.functions.list","cloudfunctions.functions.update","cloudfunctions.operations.get","firebase.projects.get"]}
[debug] [2026-03-12T02:00:06.117Z] Checked if tokens are valid: true, expires at: 1773283607402
[debug] [2026-03-12T02:00:06.117Z] Checked if tokens are valid: true, expires at: 1773283607402
[debug] [2026-03-12T02:00:06.117Z] >>> [apiv2][query] POST https://iam.googleapis.com/v1/projects/matthew-car-wash-and-cleaning/serviceAccounts/matthew-car-wash-and-cleaning@appspot.gserviceaccount.com:testIamPermissions [none]
[debug] [2026-03-12T02:00:06.118Z] >>> [apiv2][body] POST https://iam.googleapis.com/v1/projects/matthew-car-wash-and-cleaning/serviceAccounts/matthew-car-wash-and-cleaning@appspot.gserviceaccount.com:testIamPermissions {"permissions":["iam.serviceAccounts.actAs"]}
[debug] [2026-03-12T02:00:07.417Z] <<< [apiv2][status] POST https://iam.googleapis.com/v1/projects/matthew-car-wash-and-cleaning/serviceAccounts/matthew-car-wash-and-cleaning@appspot.gserviceaccount.com:testIamPermissions 200
[debug] [2026-03-12T02:00:07.418Z] <<< [apiv2][body] POST https://iam.googleapis.com/v1/projects/matthew-car-wash-and-cleaning/serviceAccounts/matthew-car-wash-and-cleaning@appspot.gserviceaccount.com:testIamPermissions {"permissions":["iam.serviceAccounts.actAs"]}
[info] 
[info] === Deploying to 'matthew-car-wash-and-cleaning'...
[info] 
[info] i  deploying functions 
[info] Running command: npm --prefix "$RESOURCE_DIR" run lint
[info] +  functions: Finished running predeploy script. 
[debug] [2026-03-12T02:00:11.110Z] Checked if tokens are valid: true, expires at: 1773283607402
[debug] [2026-03-12T02:00:11.111Z] Checked if tokens are valid: true, expires at: 1773283607402
[debug] [2026-03-12T02:00:11.111Z] >>> [apiv2][query] GET https://cloudresourcemanager.googleapis.com/v1/projects/matthew-car-wash-and-cleaning [none]
[debug] [2026-03-12T02:00:11.417Z] <<< [apiv2][status] GET https://cloudresourcemanager.googleapis.com/v1/projects/matthew-car-wash-and-cleaning 200
[debug] [2026-03-12T02:00:11.418Z] <<< [apiv2][body] GET https://cloudresourcemanager.googleapis.com/v1/projects/matthew-car-wash-and-cleaning {"projectNumber":"1042442426170","projectId":"matthew-car-wash-and-cleaning","lifecycleState":"ACTIVE","name":"Matthew car wash and cleaning","labels":{"firebase":"enabled","firebase-core":"disabled"},"createTime":"2025-06-22T04:49:14.040444Z"}
[info] i  functions: preparing codebase default for deployment 
[info] i  functions: ensuring required API cloudfunctions.googleapis.com is enabled... 
[debug] [2026-03-12T02:00:11.426Z] Checked if tokens are valid: true, expires at: 1773283607402
[debug] [2026-03-12T02:00:11.427Z] Checked if tokens are valid: true, expires at: 1773283607402
[debug] [2026-03-12T02:00:11.427Z] Checked if tokens are valid: true, expires at: 1773283607402
[debug] [2026-03-12T02:00:11.428Z] Checked if tokens are valid: true, expires at: 1773283607402
[info] i  functions: ensuring required API cloudbuild.googleapis.com is enabled... 
[debug] [2026-03-12T02:00:11.430Z] Checked if tokens are valid: true, expires at: 1773283607402
[debug] [2026-03-12T02:00:11.431Z] Checked if tokens are valid: true, expires at: 1773283607402
[info] i  artifactregistry: ensuring required API artifactregistry.googleapis.com is enabled... 
[debug] [2026-03-12T02:00:11.434Z] Checked if tokens are valid: true, expires at: 1773283607402
[debug] [2026-03-12T02:00:11.434Z] Checked if tokens are valid: true, expires at: 1773283607402
[debug] [2026-03-12T02:00:11.436Z] >>> [apiv2][query] GET https://serviceusage.googleapis.com/v1/projects/matthew-car-wash-and-cleaning/services/cloudfunctions.googleapis.com [none]
[debug] [2026-03-12T02:00:11.436Z] >>> [apiv2][(partial)header] GET https://serviceusage.googleapis.com/v1/projects/matthew-car-wash-and-cleaning/services/cloudfunctions.googleapis.com x-goog-quota-user=projects/matthew-car-wash-and-cleaning
[debug] [2026-03-12T02:00:11.444Z] >>> [apiv2][query] GET https://serviceusage.googleapis.com/v1/projects/matthew-car-wash-and-cleaning/services/runtimeconfig.googleapis.com [none]
[debug] [2026-03-12T02:00:11.446Z] >>> [apiv2][(partial)header] GET https://serviceusage.googleapis.com/v1/projects/matthew-car-wash-and-cleaning/services/runtimeconfig.googleapis.com x-goog-quota-user=projects/matthew-car-wash-and-cleaning
[debug] [2026-03-12T02:00:11.455Z] >>> [apiv2][query] GET https://serviceusage.googleapis.com/v1/projects/matthew-car-wash-and-cleaning/services/cloudbuild.googleapis.com [none]
[debug] [2026-03-12T02:00:11.456Z] >>> [apiv2][(partial)header] GET https://serviceusage.googleapis.com/v1/projects/matthew-car-wash-and-cleaning/services/cloudbuild.googleapis.com x-goog-quota-user=projects/matthew-car-wash-and-cleaning
[debug] [2026-03-12T02:00:11.461Z] >>> [apiv2][query] GET https://serviceusage.googleapis.com/v1/projects/matthew-car-wash-and-cleaning/services/artifactregistry.googleapis.com [none]
[debug] [2026-03-12T02:00:11.461Z] >>> [apiv2][(partial)header] GET https://serviceusage.googleapis.com/v1/projects/matthew-car-wash-and-cleaning/services/artifactregistry.googleapis.com x-goog-quota-user=projects/matthew-car-wash-and-cleaning
[debug] [2026-03-12T02:00:12.950Z] <<< [apiv2][status] GET https://serviceusage.googleapis.com/v1/projects/matthew-car-wash-and-cleaning/services/cloudbuild.googleapis.com 200
[debug] [2026-03-12T02:00:12.950Z] <<< [apiv2][body] GET https://serviceusage.googleapis.com/v1/projects/matthew-car-wash-and-cleaning/services/cloudbuild.googleapis.com [omitted]
[info] +  functions: required API cloudbuild.googleapis.com is enabled 
[debug] [2026-03-12T02:00:12.955Z] <<< [apiv2][status] GET https://serviceusage.googleapis.com/v1/projects/matthew-car-wash-and-cleaning/services/runtimeconfig.googleapis.com 200
[debug] [2026-03-12T02:00:12.955Z] <<< [apiv2][body] GET https://serviceusage.googleapis.com/v1/projects/matthew-car-wash-and-cleaning/services/runtimeconfig.googleapis.com [omitted]
[debug] [2026-03-12T02:00:12.975Z] <<< [apiv2][status] GET https://serviceusage.googleapis.com/v1/projects/matthew-car-wash-and-cleaning/services/cloudfunctions.googleapis.com 200
[debug] [2026-03-12T02:00:12.975Z] <<< [apiv2][body] GET https://serviceusage.googleapis.com/v1/projects/matthew-car-wash-and-cleaning/services/cloudfunctions.googleapis.com [omitted]
[info] +  functions: required API cloudfunctions.googleapis.com is enabled 
[debug] [2026-03-12T02:00:12.980Z] <<< [apiv2][status] GET https://serviceusage.googleapis.com/v1/projects/matthew-car-wash-and-cleaning/services/artifactregistry.googleapis.com 200
[debug] [2026-03-12T02:00:12.980Z] <<< [apiv2][body] GET https://serviceusage.googleapis.com/v1/projects/matthew-car-wash-and-cleaning/services/artifactregistry.googleapis.com [omitted]
[info] +  artifactregistry: required API artifactregistry.googleapis.com is enabled 
[debug] [2026-03-12T02:00:12.981Z] Checked if tokens are valid: true, expires at: 1773283607402
[debug] [2026-03-12T02:00:12.981Z] Checked if tokens are valid: true, expires at: 1773283607402
[debug] [2026-03-12T02:00:12.981Z] >>> [apiv2][query] GET https://firebase.googleapis.com/v1beta1/projects/matthew-car-wash-and-cleaning/adminSdkConfig [none]
[debug] [2026-03-12T02:00:13.647Z] <<< [apiv2][status] GET https://firebase.googleapis.com/v1beta1/projects/matthew-car-wash-and-cleaning/adminSdkConfig 200
[debug] [2026-03-12T02:00:13.648Z] <<< [apiv2][body] GET https://firebase.googleapis.com/v1beta1/projects/matthew-car-wash-and-cleaning/adminSdkConfig {"projectId":"matthew-car-wash-and-cleaning","databaseURL":"https://matthew-car-wash-and-cleaning-default-rtdb.firebaseio.com","storageBucket":"matthew-car-wash-and-cleaning.firebasestorage.app"}
[debug] [2026-03-12T02:00:13.649Z] Checked if tokens are valid: true, expires at: 1773283607402
[debug] [2026-03-12T02:00:13.649Z] Checked if tokens are valid: true, expires at: 1773283607402
[debug] [2026-03-12T02:00:13.649Z] >>> [apiv2][query] GET https://runtimeconfig.googleapis.com/v1beta1/projects/matthew-car-wash-and-cleaning/configs [none]
[debug] [2026-03-12T02:00:14.183Z] <<< [apiv2][status] GET https://runtimeconfig.googleapis.com/v1beta1/projects/matthew-car-wash-and-cleaning/configs 200
[debug] [2026-03-12T02:00:14.183Z] <<< [apiv2][body] GET https://runtimeconfig.googleapis.com/v1beta1/projects/matthew-car-wash-and-cleaning/configs {}
[debug] [2026-03-12T02:00:14.186Z] Validating nodejs source
[debug] [2026-03-12T02:00:16.494Z] > [functions] package.json contents: {
  "name": "functions",
  "description": "Cloud Functions for Firebase",
  "scripts": {
    "lint": "eslint .",
    "serve": "firebase emulators:start --only functions",
    "shell": "firebase functions:shell",
    "start": "npm run shell",
    "deploy": "firebase deploy --only functions",
    "logs": "firebase functions:log"
  },
  "engines": {
    "node": "22"
  },
  "main": "index.js",
  "dependencies": {
    "firebase-admin": "^13.7.0",
    "firebase-functions": "^7.1.1"
  },
  "devDependencies": {
    "eslint": "^8.15.0",
    "eslint-config-google": "^0.14.0",
    "firebase-functions-test": "^3.1.0"
  },
  "private": true
}
[debug] [2026-03-12T02:00:16.495Z] Building nodejs source
[info] i  functions: Loading and analyzing source code for codebase default to determine what to deploy 
[debug] [2026-03-12T02:00:16.497Z] Could not find functions.yaml. Must use http discovery
[debug] [2026-03-12T02:00:16.508Z] Found firebase-functions binary at 'C:\Users\Dell\Documents\WEB DEVELOPMENT\LIVE\REACT\REACT\MACO APP 3RD EDITION\MACO CUSTOMER APP\myApp\functions\node_modules\.bin\firebase-functions'
[info] Serving at port 8053

[debug] [2026-03-12T02:00:17.823Z] Got response from /__/functions.yaml {"endpoints":{"newOrderNotification":{"platform":"gcfv1","availableMemoryMb":null,"timeoutSeconds":null,"minInstances":null,"maxInstances":null,"ingressSettings":null,"serviceAccountEmail":null,"vpc":null,"eventTrigger":{"eventType":"providers/google.firebase.database/eventTypes/ref.create","eventFilters":{"resource":"projects/_/instances/matthew-car-wash-and-cleaning-default-rtdb/refs/orders/{orderId}"},"retry":false},"labels":{},"entryPoint":"newOrderNotification"},"orderUpdateNotifications":{"platform":"gcfv1","availableMemoryMb":null,"timeoutSeconds":null,"minInstances":null,"maxInstances":null,"ingressSettings":null,"serviceAccountEmail":null,"vpc":null,"eventTrigger":{"eventType":"providers/google.firebase.database/eventTypes/ref.update","eventFilters":{"resource":"projects/_/instances/matthew-car-wash-and-cleaning-default-rtdb/refs/orders/{orderId}"},"retry":false},"labels":{},"entryPoint":"orderUpdateNotifications"}},"specVersion":"v1alpha1","requiredAPIs":[],"extensions":{}}
[info] i  extensions: ensuring required API firebaseextensions.googleapis.com is enabled... 
[debug] [2026-03-12T02:00:21.890Z] Checked if tokens are valid: true, expires at: 1773283607402
[debug] [2026-03-12T02:00:21.890Z] Checked if tokens are valid: true, expires at: 1773283607402
[debug] [2026-03-12T02:00:21.890Z] >>> [apiv2][query] GET https://serviceusage.googleapis.com/v1/projects/matthew-car-wash-and-cleaning/services/firebaseextensions.googleapis.com [none]
[debug] [2026-03-12T02:00:21.890Z] >>> [apiv2][(partial)header] GET https://serviceusage.googleapis.com/v1/projects/matthew-car-wash-and-cleaning/services/firebaseextensions.googleapis.com x-goog-quota-user=projects/matthew-car-wash-and-cleaning
[debug] [2026-03-12T02:00:23.528Z] <<< [apiv2][status] GET https://serviceusage.googleapis.com/v1/projects/matthew-car-wash-and-cleaning/services/firebaseextensions.googleapis.com 200
[debug] [2026-03-12T02:00:23.528Z] <<< [apiv2][body] GET https://serviceusage.googleapis.com/v1/projects/matthew-car-wash-and-cleaning/services/firebaseextensions.googleapis.com [omitted]
[info] +  extensions: required API firebaseextensions.googleapis.com is enabled 
[debug] [2026-03-12T02:00:23.530Z] > command requires scopes: ["email","openid","https://www.googleapis.com/auth/cloudplatformprojects.readonly","https://www.googleapis.com/auth/firebase","https://www.googleapis.com/auth/cloud-platform"]
[debug] [2026-03-12T02:00:23.531Z] > authorizing via signed-in user (matthewcarwashandcleaning@gmail.com)
[debug] [2026-03-12T02:00:23.531Z] [iam] checking project matthew-car-wash-and-cleaning for permissions ["firebase.projects.get","firebaseextensions.instances.list"]
[debug] [2026-03-12T02:00:23.532Z] Checked if tokens are valid: true, expires at: 1773283607402
[debug] [2026-03-12T02:00:23.532Z] Checked if tokens are valid: true, expires at: 1773283607402
[debug] [2026-03-12T02:00:23.533Z] >>> [apiv2][query] POST https://cloudresourcemanager.googleapis.com/v1/projects/matthew-car-wash-and-cleaning:testIamPermissions [none]
[debug] [2026-03-12T02:00:23.533Z] >>> [apiv2][(partial)header] POST https://cloudresourcemanager.googleapis.com/v1/projects/matthew-car-wash-and-cleaning:testIamPermissions x-goog-quota-user=projects/matthew-car-wash-and-cleaning
[debug] [2026-03-12T02:00:23.533Z] >>> [apiv2][body] POST https://cloudresourcemanager.googleapis.com/v1/projects/matthew-car-wash-and-cleaning:testIamPermissions {"permissions":["firebase.projects.get","firebaseextensions.instances.list"]}
[debug] [2026-03-12T02:00:24.817Z] <<< [apiv2][status] POST https://cloudresourcemanager.googleapis.com/v1/projects/matthew-car-wash-and-cleaning:testIamPermissions 200
[debug] [2026-03-12T02:00:24.817Z] <<< [apiv2][body] POST https://cloudresourcemanager.googleapis.com/v1/projects/matthew-car-wash-and-cleaning:testIamPermissions {"permissions":["firebase.projects.get","firebaseextensions.instances.list"]}
[debug] [2026-03-12T02:00:24.819Z] Checked if tokens are valid: true, expires at: 1773283607402
[debug] [2026-03-12T02:00:24.819Z] Checked if tokens are valid: true, expires at: 1773283607402
[debug] [2026-03-12T02:00:24.820Z] >>> [apiv2][query] GET https://firebaseextensions.googleapis.com/v1beta/projects/matthew-car-wash-and-cleaning/instances pageSize=100&pageToken=
[debug] [2026-03-12T02:00:26.551Z] <<< [apiv2][status] GET https://firebaseextensions.googleapis.com/v1beta/projects/matthew-car-wash-and-cleaning/instances 200
[debug] [2026-03-12T02:00:26.551Z] <<< [apiv2][body] GET https://firebaseextensions.googleapis.com/v1beta/projects/matthew-car-wash-and-cleaning/instances {}
[info] i  functions: preparing functions directory for uploading... 
[info] i  functions: packaged C:\Users\Dell\Documents\WEB DEVELOPMENT\LIVE\REACT\REACT\MACO APP 3RD EDITION\MACO CUSTOMER APP\myApp\functions (79.92 KB) for uploading 
[debug] [2026-03-12T02:00:26.748Z] Checked if tokens are valid: true, expires at: 1773283607402
[debug] [2026-03-12T02:00:26.749Z] Checked if tokens are valid: true, expires at: 1773283607402
[debug] [2026-03-12T02:00:26.749Z] >>> [apiv2][query] GET https://cloudfunctions.googleapis.com/v1/projects/matthew-car-wash-and-cleaning/locations/-/functions [none]
[debug] [2026-03-12T02:00:27.923Z] <<< [apiv2][status] GET https://cloudfunctions.googleapis.com/v1/projects/matthew-car-wash-and-cleaning/locations/-/functions 200
[debug] [2026-03-12T02:00:27.924Z] <<< [apiv2][body] GET https://cloudfunctions.googleapis.com/v1/projects/matthew-car-wash-and-cleaning/locations/-/functions {"functions":[{"name":"projects/matthew-car-wash-and-cleaning/locations/us-central1/functions/orderUpdateNotifications","eventTrigger":{"eventType":"providers/google.firebase.database/eventTypes/ref.update","resource":"projects/_/instances/matthew-car-wash-and-cleaning-default-rtdb/refs/orders/{orderId}","service":"firebaseio.com","failurePolicy":{}},"status":"ACTIVE","entryPoint":"orderUpdateNotifications","timeout":"60s","availableMemoryMb":256,"serviceAccountEmail":"matthew-car-wash-and-cleaning@appspot.gserviceaccount.com","updateTime":"2026-02-18T15:20:57.590Z","versionId":"3","labels":{"firebase-functions-hash":"8b424865e9964314ce9c9e4ba639cb6f5d3485e6","deployment-tool":"cli-firebase"},"sourceUploadUrl":"https://storage.googleapis.com/uploads-688446629135.us-central1.cloudfunctions.appspot.com/f05faed5-3411-4ee8-b749-684d40d36bbc.zip","environmentVariables":{"FIREBASE_CONFIG":"{\"projectId\":\"matthew-car-wash-and-cleaning\",\"databaseURL\":\"https://matthew-car-wash-and-cleaning-default-rtdb.firebaseio.com\",\"storageBucket\":\"matthew-car-wash-and-cleaning.firebasestorage.app\"}","GCLOUD_PROJECT":"matthew-car-wash-and-cleaning","EVENTARC_CLOUD_EVENT_SOURCE":"projects/matthew-car-wash-and-cleaning/locations/us-central1/functions/orderUpdateNotifications"},"runtime":"nodejs22","maxInstances":3000,"ingressSettings":"ALLOW_ALL","buildId":"eb14636b-6968-41b7-b1e2-f686a0eada1e","buildEnvironmentVariables":{"GOOGLE_NODE_RUN_SCRIPTS":""},"buildName":"projects/1042442426170/locations/us-central1/builds/eb14636b-6968-41b7-b1e2-f686a0eada1e","dockerRegistry":"ARTIFACT_REGISTRY","automaticUpdatePolicy":{},"buildServiceAccount":"projects/matthew-car-wash-and-cleaning/serviceAccounts/1042442426170-compute@developer.gserviceaccount.com","satisfiesPzi":true},{"name":"projects/matthew-car-wash-and-cleaning/locations/us-central1/functions/newOrderNotification","eventTrigger":{"eventType":"providers/google.firebase.database/eventTypes/ref.create","resource":"projects/_/instances/matthew-car-wash-and-cleaning-default-rtdb/refs/orders/{orderId}","service":"firebaseio.com","failurePolicy":{}},"status":"ACTIVE","entryPoint":"newOrderNotification","timeout":"60s","availableMemoryMb":256,"serviceAccountEmail":"matthew-car-wash-and-cleaning@appspot.gserviceaccount.com","updateTime":"2026-02-18T15:20:59.959Z","versionId":"3","labels":{"deployment-tool":"cli-firebase","firebase-functions-hash":"8b424865e9964314ce9c9e4ba639cb6f5d3485e6"},"sourceUploadUrl":"https://storage.googleapis.com/uploads-688446629135.us-central1.cloudfunctions.appspot.com/f05faed5-3411-4ee8-b749-684d40d36bbc.zip","environmentVariables":{"FIREBASE_CONFIG":"{\"projectId\":\"matthew-car-wash-and-cleaning\",\"databaseURL\":\"https://matthew-car-wash-and-cleaning-default-rtdb.firebaseio.com\",\"storageBucket\":\"matthew-car-wash-and-cleaning.firebasestorage.app\"}","GCLOUD_PROJECT":"matthew-car-wash-and-cleaning","EVENTARC_CLOUD_EVENT_SOURCE":"projects/matthew-car-wash-and-cleaning/locations/us-central1/functions/newOrderNotification"},"runtime":"nodejs22","maxInstances":3000,"ingressSettings":"ALLOW_ALL","buildId":"eb14636b-6968-41b7-b1e2-f686a0eada1e","buildEnvironmentVariables":{"GOOGLE_NODE_RUN_SCRIPTS":""},"buildName":"projects/1042442426170/locations/us-central1/builds/eb14636b-6968-41b7-b1e2-f686a0eada1e","dockerRegistry":"ARTIFACT_REGISTRY","automaticUpdatePolicy":{},"buildServiceAccount":"projects/matthew-car-wash-and-cleaning/serviceAccounts/1042442426170-compute@developer.gserviceaccount.com","satisfiesPzi":true}]}
[debug] [2026-03-12T02:00:27.927Z] Checked if tokens are valid: true, expires at: 1773283607402
[debug] [2026-03-12T02:00:27.928Z] Checked if tokens are valid: true, expires at: 1773283607402
[debug] [2026-03-12T02:00:27.929Z] >>> [apiv2][query] GET https://cloudfunctions.googleapis.com/v2/projects/matthew-car-wash-and-cleaning/locations/-/functions filter=environment%3D%22GEN_2%22
[debug] [2026-03-12T02:00:29.097Z] <<< [apiv2][status] GET https://cloudfunctions.googleapis.com/v2/projects/matthew-car-wash-and-cleaning/locations/-/functions 200
[debug] [2026-03-12T02:00:29.097Z] <<< [apiv2][body] GET https://cloudfunctions.googleapis.com/v2/projects/matthew-car-wash-and-cleaning/locations/-/functions {}
[debug] [2026-03-12T02:00:29.114Z] Checked if tokens are valid: true, expires at: 1773283607402
[debug] [2026-03-12T02:00:29.115Z] Checked if tokens are valid: true, expires at: 1773283607402
[debug] [2026-03-12T02:00:29.115Z] >>> [apiv2][query] GET https://cloudresourcemanager.googleapis.com/v1/projects/matthew-car-wash-and-cleaning [none]
[debug] [2026-03-12T02:00:29.415Z] <<< [apiv2][status] GET https://cloudresourcemanager.googleapis.com/v1/projects/matthew-car-wash-and-cleaning 200
[debug] [2026-03-12T02:00:29.415Z] <<< [apiv2][body] GET https://cloudresourcemanager.googleapis.com/v1/projects/matthew-car-wash-and-cleaning {"projectNumber":"1042442426170","projectId":"matthew-car-wash-and-cleaning","lifecycleState":"ACTIVE","name":"Matthew car wash and cleaning","labels":{"firebase":"enabled","firebase-core":"disabled"},"createTime":"2025-06-22T04:49:14.040444Z"}
[debug] [2026-03-12T02:00:29.417Z] Checked if tokens are valid: true, expires at: 1773283607402
[debug] [2026-03-12T02:00:29.417Z] Checked if tokens are valid: true, expires at: 1773283607402
[debug] [2026-03-12T02:00:29.417Z] >>> [apiv2][query] GET https://cloudbilling.googleapis.com/v1/projects/matthew-car-wash-and-cleaning/billingInfo [none]
[debug] [2026-03-12T02:00:30.640Z] <<< [apiv2][status] GET https://cloudbilling.googleapis.com/v1/projects/matthew-car-wash-and-cleaning/billingInfo 200
[debug] [2026-03-12T02:00:30.640Z] <<< [apiv2][body] GET https://cloudbilling.googleapis.com/v1/projects/matthew-car-wash-and-cleaning/billingInfo {"name":"projects/matthew-car-wash-and-cleaning/billingInfo","projectId":"matthew-car-wash-and-cleaning","billingAccountName":"billingAccounts/01FFC4-3B0508-9FBB8A","billingEnabled":true}
[debug] [2026-03-12T02:00:30.648Z] Checked if tokens are valid: true, expires at: 1773283607402
[debug] [2026-03-12T02:00:30.648Z] Checked if tokens are valid: true, expires at: 1773283607402
[debug] [2026-03-12T02:00:30.649Z] >>> [apiv2][query] POST https://cloudfunctions.googleapis.com/v1/projects/matthew-car-wash-and-cleaning/locations/us-central1/functions:generateUploadUrl [none]
[debug] [2026-03-12T02:00:30.650Z] >>> [apiv2][body] POST https://cloudfunctions.googleapis.com/v1/projects/matthew-car-wash-and-cleaning/locations/us-central1/functions:generateUploadUrl {}
[debug] [2026-03-12T02:00:31.375Z] <<< [apiv2][status] POST https://cloudfunctions.googleapis.com/v1/projects/matthew-car-wash-and-cleaning/locations/us-central1/functions:generateUploadUrl 200
[debug] [2026-03-12T02:00:31.376Z] <<< [apiv2][body] POST https://cloudfunctions.googleapis.com/v1/projects/matthew-car-wash-and-cleaning/locations/us-central1/functions:generateUploadUrl {"uploadUrl":"https://storage.googleapis.com/uploads-688446629135.us-central1.cloudfunctions.appspot.com/d12dbbe9-85d5-4348-8c25-811c2298bc77.zip?GoogleAccessId=service-1042442426170@gcf-admin-robot.iam.gserviceaccount.com&Expires=1773282631&Signature=gQTkOWCsVB%2BKqZBnj06va1XtomEnbKFtcQW0za6Ks6tcUu1OtsEgrfX7iTuXbHu4XvhEU%2FPxprJvsqniGPub4cJOXKhAJnRH6kNqQxjBN3DO5qCf%2F6EGXJqVq8D%2B5TeFB8Jjuc3ZBx%2BTZdl%2BkuWwDl9%2BJG4Qa%2BQu8ZGn1cQLPUElRTW2o6RgZfPK%2B2yvhTlHj9iintoZ6Fuj5yr4Y9V%2B7c25fkKzsAdYt%2FH34QL0ku66b%2B16HE2l5xYpImuxmTwz7g2gaTPZgqrMHHqVDgdIF5vMJ60DRiDbnBUwq3lFOVWDj%2ByfEhuQrlx2%2BFcKRakbQFAHhPaSPpuBH2w8TKZ%2FbA%3D%3D"}
[debug] [2026-03-12T02:00:31.380Z] >>> [apiv2][query] PUT https://storage.googleapis.com/uploads-688446629135.us-central1.cloudfunctions.appspot.com/d12dbbe9-85d5-4348-8c25-811c2298bc77.zip GoogleAccessId=service-1042442426170%40gcf-admin-robot.iam.gserviceaccount.com&Expires=1773282631&Signature=gQTkOWCsVB%2BKqZBnj06va1XtomEnbKFtcQW0za6Ks6tcUu1OtsEgrfX7iTuXbHu4XvhEU%2FPxprJvsqniGPub4cJOXKhAJnRH6kNqQxjBN3DO5qCf%2F6EGXJqVq8D%2B5TeFB8Jjuc3ZBx%2BTZdl%2BkuWwDl9%2BJG4Qa%2BQu8ZGn1cQLPUElRTW2o6RgZfPK%2B2yvhTlHj9iintoZ6Fuj5yr4Y9V%2B7c25fkKzsAdYt%2FH34QL0ku66b%2B16HE2l5xYpImuxmTwz7g2gaTPZgqrMHHqVDgdIF5vMJ60DRiDbnBUwq3lFOVWDj%2ByfEhuQrlx2%2BFcKRakbQFAHhPaSPpuBH2w8TKZ%2FbA%3D%3D
[debug] [2026-03-12T02:00:31.380Z] >>> [apiv2][body] PUT https://storage.googleapis.com/uploads-688446629135.us-central1.cloudfunctions.appspot.com/d12dbbe9-85d5-4348-8c25-811c2298bc77.zip [stream]
[debug] [2026-03-12T02:00:33.370Z] <<< [apiv2][status] PUT https://storage.googleapis.com/uploads-688446629135.us-central1.cloudfunctions.appspot.com/d12dbbe9-85d5-4348-8c25-811c2298bc77.zip 200
[debug] [2026-03-12T02:00:33.371Z] <<< [apiv2][body] PUT https://storage.googleapis.com/uploads-688446629135.us-central1.cloudfunctions.appspot.com/d12dbbe9-85d5-4348-8c25-811c2298bc77.zip [omitted]
[info] +  functions: functions folder uploaded successfully 
[info] i  functions: updating Node.js 22 (1st Gen) function newOrderNotification(us-central1)... 
[info] i  functions: updating Node.js 22 (1st Gen) function orderUpdateNotifications(us-central1)... 
[debug] [2026-03-12T02:00:33.379Z] Checked if tokens are valid: true, expires at: 1773283607402
[debug] [2026-03-12T02:00:33.379Z] Checked if tokens are valid: true, expires at: 1773283607402
[debug] [2026-03-12T02:00:33.380Z] >>> [apiv2][query] PATCH https://cloudfunctions.googleapis.com/v1/projects/matthew-car-wash-and-cleaning/locations/us-central1/functions/newOrderNotification updateMask=name%2CsourceUploadUrl%2CentryPoint%2Cruntime%2CdockerRegistry%2Clabels%2CeventTrigger.eventType%2CeventTrigger.resource%2CeventTrigger.failurePolicy%2CminInstances%2CmaxInstances%2CingressSettings%2CenvironmentVariables%2CserviceAccountEmail%2CavailableMemoryMb%2Ctimeout%2CvpcConnector%2CvpcConnectorEgressSettings%2CsourceToken%2CbuildEnvironmentVariables
[debug] [2026-03-12T02:00:33.380Z] >>> [apiv2][body] PATCH https://cloudfunctions.googleapis.com/v1/projects/matthew-car-wash-and-cleaning/locations/us-central1/functions/newOrderNotification {"name":"projects/matthew-car-wash-and-cleaning/locations/us-central1/functions/newOrderNotification","sourceUploadUrl":"https://storage.googleapis.com/uploads-688446629135.us-central1.cloudfunctions.appspot.com/d12dbbe9-85d5-4348-8c25-811c2298bc77.zip?GoogleAccessId=service-1042442426170@gcf-admin-robot.iam.gserviceaccount.com&Expires=1773282631&Signature=gQTkOWCsVB%2BKqZBnj06va1XtomEnbKFtcQW0za6Ks6tcUu1OtsEgrfX7iTuXbHu4XvhEU%2FPxprJvsqniGPub4cJOXKhAJnRH6kNqQxjBN3DO5qCf%2F6EGXJqVq8D%2B5TeFB8Jjuc3ZBx%2BTZdl%2BkuWwDl9%2BJG4Qa%2BQu8ZGn1cQLPUElRTW2o6RgZfPK%2B2yvhTlHj9iintoZ6Fuj5yr4Y9V%2B7c25fkKzsAdYt%2FH34QL0ku66b%2B16HE2l5xYpImuxmTwz7g2gaTPZgqrMHHqVDgdIF5vMJ60DRiDbnBUwq3lFOVWDj%2ByfEhuQrlx2%2BFcKRakbQFAHhPaSPpuBH2w8TKZ%2FbA%3D%3D","entryPoint":"newOrderNotification","runtime":"nodejs22","dockerRegistry":"ARTIFACT_REGISTRY","labels":{"deployment-tool":"cli-firebase","firebase-functions-hash":"2c50c4bf95efa6aa78eed0c51b07afd4939aa9bd"},"eventTrigger":{"eventType":"providers/google.firebase.database/eventTypes/ref.create","resource":"projects/_/instances/matthew-car-wash-and-cleaning-default-rtdb/refs/orders/{orderId}"},"minInstances":null,"maxInstances":null,"ingressSettings":null,"environmentVariables":{"FIREBASE_CONFIG":"{\"projectId\":\"matthew-car-wash-and-cleaning\",\"databaseURL\":\"https://matthew-car-wash-and-cleaning-default-rtdb.firebaseio.com\",\"storageBucket\":\"matthew-car-wash-and-cleaning.firebasestorage.app\"}","GCLOUD_PROJECT":"matthew-car-wash-and-cleaning","EVENTARC_CLOUD_EVENT_SOURCE":"projects/matthew-car-wash-and-cleaning/locations/us-central1/functions/newOrderNotification"},"serviceAccountEmail":null,"availableMemoryMb":null,"timeout":null,"vpcConnector":null,"vpcConnectorEgressSettings":null,"buildEnvironmentVariables":{"GOOGLE_NODE_RUN_SCRIPTS":""}}
[debug] [2026-03-12T02:00:34.027Z] <<< [apiv2][status] PATCH https://cloudfunctions.googleapis.com/v1/projects/matthew-car-wash-and-cleaning/locations/us-central1/functions/newOrderNotification 200
[debug] [2026-03-12T02:00:34.028Z] <<< [apiv2][body] PATCH https://cloudfunctions.googleapis.com/v1/projects/matthew-car-wash-and-cleaning/locations/us-central1/functions/newOrderNotification {"name":"operations/bWF0dGhldy1jYXItd2FzaC1hbmQtY2xlYW5pbmcvdXMtY2VudHJhbDEvbmV3T3JkZXJOb3RpZmljYXRpb24vY0dMZ09BdmNwV2M","metadata":{"@type":"type.googleapis.com/google.cloud.functions.v1.OperationMetadataV1","target":"projects/matthew-car-wash-and-cleaning/locations/us-central1/functions/newOrderNotification","type":"UPDATE_FUNCTION","request":{"@type":"type.googleapis.com/google.cloud.functions.v1.CloudFunction","name":"projects/matthew-car-wash-and-cleaning/locations/us-central1/functions/newOrderNotification","eventTrigger":{"eventType":"providers/google.firebase.database/eventTypes/ref.create","resource":"projects/_/instances/matthew-car-wash-and-cleaning-default-rtdb/refs/orders/{orderId}","service":"firebaseio.com"},"status":"ACTIVE","entryPoint":"newOrderNotification","updateTime":"2026-02-18T15:20:59.959Z","versionId":"3","labels":{"deployment-tool":"cli-firebase","firebase-functions-hash":"2c50c4bf95efa6aa78eed0c51b07afd4939aa9bd"},"sourceUploadUrl":"https://storage.googleapis.com/uploads-688446629135.us-central1.cloudfunctions.appspot.com/d12dbbe9-85d5-4348-8c25-811c2298bc77.zip?GoogleAccessId=service-1042442426170@gcf-admin-robot.iam.gserviceaccount.com&Expires=1773282631&Signature=gQTkOWCsVB%2BKqZBnj06va1XtomEnbKFtcQW0za6Ks6tcUu1OtsEgrfX7iTuXbHu4XvhEU%2FPxprJvsqniGPub4cJOXKhAJnRH6kNqQxjBN3DO5qCf%2F6EGXJqVq8D%2B5TeFB8Jjuc3ZBx%2BTZdl%2BkuWwDl9%2BJG4Qa%2BQu8ZGn1cQLPUElRTW2o6RgZfPK%2B2yvhTlHj9iintoZ6Fuj5yr4Y9V%2B7c25fkKzsAdYt%2FH34QL0ku66b%2B16HE2l5xYpImuxmTwz7g2gaTPZgqrMHHqVDgdIF5vMJ60DRiDbnBUwq3lFOVWDj%2ByfEhuQrlx2%2BFcKRakbQFAHhPaSPpuBH2w8TKZ%2FbA%3D%3D","environmentVariables":{"FIREBASE_CONFIG":"{\"projectId\":\"matthew-car-wash-and-cleaning\",\"databaseURL\":\"https://matthew-car-wash-and-cleaning-default-rtdb.firebaseio.com\",\"storageBucket\":\"matthew-car-wash-and-cleaning.firebasestorage.app\"}","GCLOUD_PROJECT":"matthew-car-wash-and-cleaning","EVENTARC_CLOUD_EVENT_SOURCE":"projects/matthew-car-wash-and-cleaning/locations/us-central1/functions/newOrderNotification"},"runtime":"nodejs22","buildId":"eb14636b-6968-41b7-b1e2-f686a0eada1e","buildEnvironmentVariables":{"GOOGLE_NODE_RUN_SCRIPTS":""},"buildName":"projects/1042442426170/locations/us-central1/builds/eb14636b-6968-41b7-b1e2-f686a0eada1e","dockerRegistry":"ARTIFACT_REGISTRY","automaticUpdatePolicy":{},"buildServiceAccount":"projects/matthew-car-wash-and-cleaning/serviceAccounts/1042442426170-compute@developer.gserviceaccount.com"},"versionId":"4","updateTime":"2026-03-12T02:00:34Z"}}
[debug] [2026-03-12T02:00:34.030Z] Checked if tokens are valid: true, expires at: 1773283607402
[debug] [2026-03-12T02:00:34.031Z] Checked if tokens are valid: true, expires at: 1773283607402
[debug] [2026-03-12T02:00:34.032Z] >>> [apiv2][query] GET https://cloudfunctions.googleapis.com/v1/operations/bWF0dGhldy1jYXItd2FzaC1hbmQtY2xlYW5pbmcvdXMtY2VudHJhbDEvbmV3T3JkZXJOb3RpZmljYXRpb24vY0dMZ09BdmNwV2M [none]
[debug] [2026-03-12T02:00:34.405Z] <<< [apiv2][status] GET https://cloudfunctions.googleapis.com/v1/operations/bWF0dGhldy1jYXItd2FzaC1hbmQtY2xlYW5pbmcvdXMtY2VudHJhbDEvbmV3T3JkZXJOb3RpZmljYXRpb24vY0dMZ09BdmNwV2M 200
[debug] [2026-03-12T02:00:34.406Z] <<< [apiv2][body] GET https://cloudfunctions.googleapis.com/v1/operations/bWF0dGhldy1jYXItd2FzaC1hbmQtY2xlYW5pbmcvdXMtY2VudHJhbDEvbmV3T3JkZXJOb3RpZmljYXRpb24vY0dMZ09BdmNwV2M {"name":"operations/bWF0dGhldy1jYXItd2FzaC1hbmQtY2xlYW5pbmcvdXMtY2VudHJhbDEvbmV3T3JkZXJOb3RpZmljYXRpb24vY0dMZ09BdmNwV2M","metadata":{"@type":"type.googleapis.com/google.cloud.functions.v1.OperationMetadataV1","target":"projects/matthew-car-wash-and-cleaning/locations/us-central1/functions/newOrderNotification","type":"UPDATE_FUNCTION","request":{"@type":"type.googleapis.com/google.cloud.functions.v1.CloudFunction","name":"projects/matthew-car-wash-and-cleaning/locations/us-central1/functions/newOrderNotification","eventTrigger":{"eventType":"providers/google.firebase.database/eventTypes/ref.create","resource":"projects/_/instances/matthew-car-wash-and-cleaning-default-rtdb/refs/orders/{orderId}","service":"firebaseio.com"},"status":"ACTIVE","entryPoint":"newOrderNotification","updateTime":"2026-02-18T15:20:59.959Z","versionId":"3","labels":{"deployment-tool":"cli-firebase","firebase-functions-hash":"2c50c4bf95efa6aa78eed0c51b07afd4939aa9bd"},"sourceUploadUrl":"https://storage.googleapis.com/uploads-688446629135.us-central1.cloudfunctions.appspot.com/d12dbbe9-85d5-4348-8c25-811c2298bc77.zip?GoogleAccessId=service-1042442426170@gcf-admin-robot.iam.gserviceaccount.com&Expires=1773282631&Signature=gQTkOWCsVB%2BKqZBnj06va1XtomEnbKFtcQW0za6Ks6tcUu1OtsEgrfX7iTuXbHu4XvhEU%2FPxprJvsqniGPub4cJOXKhAJnRH6kNqQxjBN3DO5qCf%2F6EGXJqVq8D%2B5TeFB8Jjuc3ZBx%2BTZdl%2BkuWwDl9%2BJG4Qa%2BQu8ZGn1cQLPUElRTW2o6RgZfPK%2B2yvhTlHj9iintoZ6Fuj5yr4Y9V%2B7c25fkKzsAdYt%2FH34QL0ku66b%2B16HE2l5xYpImuxmTwz7g2gaTPZgqrMHHqVDgdIF5vMJ60DRiDbnBUwq3lFOVWDj%2ByfEhuQrlx2%2BFcKRakbQFAHhPaSPpuBH2w8TKZ%2FbA%3D%3D","environmentVariables":{"FIREBASE_CONFIG":"{\"projectId\":\"matthew-car-wash-and-cleaning\",\"databaseURL\":\"https://matthew-car-wash-and-cleaning-default-rtdb.firebaseio.com\",\"storageBucket\":\"matthew-car-wash-and-cleaning.firebasestorage.app\"}","GCLOUD_PROJECT":"matthew-car-wash-and-cleaning","EVENTARC_CLOUD_EVENT_SOURCE":"projects/matthew-car-wash-and-cleaning/locations/us-central1/functions/newOrderNotification"},"runtime":"nodejs22","buildId":"eb14636b-6968-41b7-b1e2-f686a0eada1e","buildEnvironmentVariables":{"GOOGLE_NODE_RUN_SCRIPTS":""},"buildName":"projects/1042442426170/locations/us-central1/builds/eb14636b-6968-41b7-b1e2-f686a0eada1e","dockerRegistry":"ARTIFACT_REGISTRY","automaticUpdatePolicy":{},"buildServiceAccount":"projects/matthew-car-wash-and-cleaning/serviceAccounts/1042442426170-compute@developer.gserviceaccount.com"},"versionId":"4","updateTime":"2026-03-12T02:00:34Z"}}
[debug] [2026-03-12T02:00:34.908Z] [update-default-us-central1-newOrderNotification] Retrying task index 0
[debug] [2026-03-12T02:00:34.909Z] Checked if tokens are valid: true, expires at: 1773283607402
[debug] [2026-03-12T02:00:34.909Z] Checked if tokens are valid: true, expires at: 1773283607402
[debug] [2026-03-12T02:00:34.910Z] >>> [apiv2][query] GET https://cloudfunctions.googleapis.com/v1/operations/bWF0dGhldy1jYXItd2FzaC1hbmQtY2xlYW5pbmcvdXMtY2VudHJhbDEvbmV3T3JkZXJOb3RpZmljYXRpb24vY0dMZ09BdmNwV2M [none]
[debug] [2026-03-12T02:00:35.256Z] <<< [apiv2][status] GET https://cloudfunctions.googleapis.com/v1/operations/bWF0dGhldy1jYXItd2FzaC1hbmQtY2xlYW5pbmcvdXMtY2VudHJhbDEvbmV3T3JkZXJOb3RpZmljYXRpb24vY0dMZ09BdmNwV2M 200
[debug] [2026-03-12T02:00:35.256Z] <<< [apiv2][body] GET https://cloudfunctions.googleapis.com/v1/operations/bWF0dGhldy1jYXItd2FzaC1hbmQtY2xlYW5pbmcvdXMtY2VudHJhbDEvbmV3T3JkZXJOb3RpZmljYXRpb24vY0dMZ09BdmNwV2M {"name":"operations/bWF0dGhldy1jYXItd2FzaC1hbmQtY2xlYW5pbmcvdXMtY2VudHJhbDEvbmV3T3JkZXJOb3RpZmljYXRpb24vY0dMZ09BdmNwV2M","metadata":{"@type":"type.googleapis.com/google.cloud.functions.v1.OperationMetadataV1","target":"projects/matthew-car-wash-and-cleaning/locations/us-central1/functions/newOrderNotification","type":"UPDATE_FUNCTION","request":{"@type":"type.googleapis.com/google.cloud.functions.v1.CloudFunction","name":"projects/matthew-car-wash-and-cleaning/locations/us-central1/functions/newOrderNotification","eventTrigger":{"eventType":"providers/google.firebase.database/eventTypes/ref.create","resource":"projects/_/instances/matthew-car-wash-and-cleaning-default-rtdb/refs/orders/{orderId}","service":"firebaseio.com"},"status":"ACTIVE","entryPoint":"newOrderNotification","updateTime":"2026-02-18T15:20:59.959Z","versionId":"3","labels":{"deployment-tool":"cli-firebase","firebase-functions-hash":"2c50c4bf95efa6aa78eed0c51b07afd4939aa9bd"},"sourceUploadUrl":"https://storage.googleapis.com/uploads-688446629135.us-central1.cloudfunctions.appspot.com/d12dbbe9-85d5-4348-8c25-811c2298bc77.zip?GoogleAccessId=service-1042442426170@gcf-admin-robot.iam.gserviceaccount.com&Expires=1773282631&Signature=gQTkOWCsVB%2BKqZBnj06va1XtomEnbKFtcQW0za6Ks6tcUu1OtsEgrfX7iTuXbHu4XvhEU%2FPxprJvsqniGPub4cJOXKhAJnRH6kNqQxjBN3DO5qCf%2F6EGXJqVq8D%2B5TeFB8Jjuc3ZBx%2BTZdl%2BkuWwDl9%2BJG4Qa%2BQu8ZGn1cQLPUElRTW2o6RgZfPK%2B2yvhTlHj9iintoZ6Fuj5yr4Y9V%2B7c25fkKzsAdYt%2FH34QL0ku66b%2B16HE2l5xYpImuxmTwz7g2gaTPZgqrMHHqVDgdIF5vMJ60DRiDbnBUwq3lFOVWDj%2ByfEhuQrlx2%2BFcKRakbQFAHhPaSPpuBH2w8TKZ%2FbA%3D%3D","environmentVariables":{"FIREBASE_CONFIG":"{\"projectId\":\"matthew-car-wash-and-cleaning\",\"databaseURL\":\"https://matthew-car-wash-and-cleaning-default-rtdb.firebaseio.com\",\"storageBucket\":\"matthew-car-wash-and-cleaning.firebasestorage.app\"}","GCLOUD_PROJECT":"matthew-car-wash-and-cleaning","EVENTARC_CLOUD_EVENT_SOURCE":"projects/matthew-car-wash-and-cleaning/locations/us-central1/functions/newOrderNotification"},"runtime":"nodejs22","buildId":"eb14636b-6968-41b7-b1e2-f686a0eada1e","buildEnvironmentVariables":{"GOOGLE_NODE_RUN_SCRIPTS":""},"buildName":"projects/1042442426170/locations/us-central1/builds/eb14636b-6968-41b7-b1e2-f686a0eada1e","dockerRegistry":"ARTIFACT_REGISTRY","automaticUpdatePolicy":{},"buildServiceAccount":"projects/matthew-car-wash-and-cleaning/serviceAccounts/1042442426170-compute@developer.gserviceaccount.com"},"versionId":"4","updateTime":"2026-03-12T02:00:34Z","buildId":"6bfae3a7-e387-4418-940d-279806fbbe7c","buildName":"projects/1042442426170/locations/us-central1/builds/6bfae3a7-e387-4418-940d-279806fbbe7c"}}
[debug] [2026-03-12T02:00:36.263Z] [update-default-us-central1-newOrderNotification] Retrying task index 0
[debug] [2026-03-12T02:00:36.264Z] Checked if tokens are valid: true, expires at: 1773283607402
[debug] [2026-03-12T02:00:36.264Z] Checked if tokens are valid: true, expires at: 1773283607402
[debug] [2026-03-12T02:00:36.265Z] >>> [apiv2][query] GET https://cloudfunctions.googleapis.com/v1/operations/bWF0dGhldy1jYXItd2FzaC1hbmQtY2xlYW5pbmcvdXMtY2VudHJhbDEvbmV3T3JkZXJOb3RpZmljYXRpb24vY0dMZ09BdmNwV2M [none]
[debug] [2026-03-12T02:00:36.620Z] <<< [apiv2][status] GET https://cloudfunctions.googleapis.com/v1/operations/bWF0dGhldy1jYXItd2FzaC1hbmQtY2xlYW5pbmcvdXMtY2VudHJhbDEvbmV3T3JkZXJOb3RpZmljYXRpb24vY0dMZ09BdmNwV2M 200
[debug] [2026-03-12T02:00:36.621Z] <<< [apiv2][body] GET https://cloudfunctions.googleapis.com/v1/operations/bWF0dGhldy1jYXItd2FzaC1hbmQtY2xlYW5pbmcvdXMtY2VudHJhbDEvbmV3T3JkZXJOb3RpZmljYXRpb24vY0dMZ09BdmNwV2M {"name":"operations/bWF0dGhldy1jYXItd2FzaC1hbmQtY2xlYW5pbmcvdXMtY2VudHJhbDEvbmV3T3JkZXJOb3RpZmljYXRpb24vY0dMZ09BdmNwV2M","metadata":{"@type":"type.googleapis.com/google.cloud.functions.v1.OperationMetadataV1","target":"projects/matthew-car-wash-and-cleaning/locations/us-central1/functions/newOrderNotification","type":"UPDATE_FUNCTION","request":{"@type":"type.googleapis.com/google.cloud.functions.v1.CloudFunction","name":"projects/matthew-car-wash-and-cleaning/locations/us-central1/functions/newOrderNotification","eventTrigger":{"eventType":"providers/google.firebase.database/eventTypes/ref.create","resource":"projects/_/instances/matthew-car-wash-and-cleaning-default-rtdb/refs/orders/{orderId}","service":"firebaseio.com"},"status":"ACTIVE","entryPoint":"newOrderNotification","updateTime":"2026-02-18T15:20:59.959Z","versionId":"3","labels":{"deployment-tool":"cli-firebase","firebase-functions-hash":"2c50c4bf95efa6aa78eed0c51b07afd4939aa9bd"},"sourceUploadUrl":"https://storage.googleapis.com/uploads-688446629135.us-central1.cloudfunctions.appspot.com/d12dbbe9-85d5-4348-8c25-811c2298bc77.zip?GoogleAccessId=service-1042442426170@gcf-admin-robot.iam.gserviceaccount.com&Expires=1773282631&Signature=gQTkOWCsVB%2BKqZBnj06va1XtomEnbKFtcQW0za6Ks6tcUu1OtsEgrfX7iTuXbHu4XvhEU%2FPxprJvsqniGPub4cJOXKhAJnRH6kNqQxjBN3DO5qCf%2F6EGXJqVq8D%2B5TeFB8Jjuc3ZBx%2BTZdl%2BkuWwDl9%2BJG4Qa%2BQu8ZGn1cQLPUElRTW2o6RgZfPK%2B2yvhTlHj9iintoZ6Fuj5yr4Y9V%2B7c25fkKzsAdYt%2FH34QL0ku66b%2B16HE2l5xYpImuxmTwz7g2gaTPZgqrMHHqVDgdIF5vMJ60DRiDbnBUwq3lFOVWDj%2ByfEhuQrlx2%2BFcKRakbQFAHhPaSPpuBH2w8TKZ%2FbA%3D%3D","environmentVariables":{"FIREBASE_CONFIG":"{\"projectId\":\"matthew-car-wash-and-cleaning\",\"databaseURL\":\"https://matthew-car-wash-and-cleaning-default-rtdb.firebaseio.com\",\"storageBucket\":\"matthew-car-wash-and-cleaning.firebasestorage.app\"}","GCLOUD_PROJECT":"matthew-car-wash-and-cleaning","EVENTARC_CLOUD_EVENT_SOURCE":"projects/matthew-car-wash-and-cleaning/locations/us-central1/functions/newOrderNotification"},"runtime":"nodejs22","buildId":"eb14636b-6968-41b7-b1e2-f686a0eada1e","buildEnvironmentVariables":{"GOOGLE_NODE_RUN_SCRIPTS":""},"buildName":"projects/1042442426170/locations/us-central1/builds/eb14636b-6968-41b7-b1e2-f686a0eada1e","dockerRegistry":"ARTIFACT_REGISTRY","automaticUpdatePolicy":{},"buildServiceAccount":"projects/matthew-car-wash-and-cleaning/serviceAccounts/1042442426170-compute@developer.gserviceaccount.com"},"versionId":"4","updateTime":"2026-03-12T02:00:34Z","buildId":"6bfae3a7-e387-4418-940d-279806fbbe7c","buildName":"projects/1042442426170/locations/us-central1/builds/6bfae3a7-e387-4418-940d-279806fbbe7c"}}
[debug] [2026-03-12T02:00:38.626Z] [update-default-us-central1-newOrderNotification] Retrying task index 0
[debug] [2026-03-12T02:00:38.627Z] Checked if tokens are valid: true, expires at: 1773283607402
[debug] [2026-03-12T02:00:38.628Z] Checked if tokens are valid: true, expires at: 1773283607402
[debug] [2026-03-12T02:00:38.628Z] >>> [apiv2][query] GET https://cloudfunctions.googleapis.com/v1/operations/bWF0dGhldy1jYXItd2FzaC1hbmQtY2xlYW5pbmcvdXMtY2VudHJhbDEvbmV3T3JkZXJOb3RpZmljYXRpb24vY0dMZ09BdmNwV2M [none]
[debug] [2026-03-12T02:00:38.978Z] <<< [apiv2][status] GET https://cloudfunctions.googleapis.com/v1/operations/bWF0dGhldy1jYXItd2FzaC1hbmQtY2xlYW5pbmcvdXMtY2VudHJhbDEvbmV3T3JkZXJOb3RpZmljYXRpb24vY0dMZ09BdmNwV2M 200
[debug] [2026-03-12T02:00:38.979Z] <<< [apiv2][body] GET https://cloudfunctions.googleapis.com/v1/operations/bWF0dGhldy1jYXItd2FzaC1hbmQtY2xlYW5pbmcvdXMtY2VudHJhbDEvbmV3T3JkZXJOb3RpZmljYXRpb24vY0dMZ09BdmNwV2M {"name":"operations/bWF0dGhldy1jYXItd2FzaC1hbmQtY2xlYW5pbmcvdXMtY2VudHJhbDEvbmV3T3JkZXJOb3RpZmljYXRpb24vY0dMZ09BdmNwV2M","metadata":{"@type":"type.googleapis.com/google.cloud.functions.v1.OperationMetadataV1","target":"projects/matthew-car-wash-and-cleaning/locations/us-central1/functions/newOrderNotification","type":"UPDATE_FUNCTION","request":{"@type":"type.googleapis.com/google.cloud.functions.v1.CloudFunction","name":"projects/matthew-car-wash-and-cleaning/locations/us-central1/functions/newOrderNotification","eventTrigger":{"eventType":"providers/google.firebase.database/eventTypes/ref.create","resource":"projects/_/instances/matthew-car-wash-and-cleaning-default-rtdb/refs/orders/{orderId}","service":"firebaseio.com"},"status":"ACTIVE","entryPoint":"newOrderNotification","updateTime":"2026-02-18T15:20:59.959Z","versionId":"3","labels":{"deployment-tool":"cli-firebase","firebase-functions-hash":"2c50c4bf95efa6aa78eed0c51b07afd4939aa9bd"},"sourceUploadUrl":"https://storage.googleapis.com/uploads-688446629135.us-central1.cloudfunctions.appspot.com/d12dbbe9-85d5-4348-8c25-811c2298bc77.zip?GoogleAccessId=service-1042442426170@gcf-admin-robot.iam.gserviceaccount.com&Expires=1773282631&Signature=gQTkOWCsVB%2BKqZBnj06va1XtomEnbKFtcQW0za6Ks6tcUu1OtsEgrfX7iTuXbHu4XvhEU%2FPxprJvsqniGPub4cJOXKhAJnRH6kNqQxjBN3DO5qCf%2F6EGXJqVq8D%2B5TeFB8Jjuc3ZBx%2BTZdl%2BkuWwDl9%2BJG4Qa%2BQu8ZGn1cQLPUElRTW2o6RgZfPK%2B2yvhTlHj9iintoZ6Fuj5yr4Y9V%2B7c25fkKzsAdYt%2FH34QL0ku66b%2B16HE2l5xYpImuxmTwz7g2gaTPZgqrMHHqVDgdIF5vMJ60DRiDbnBUwq3lFOVWDj%2ByfEhuQrlx2%2BFcKRakbQFAHhPaSPpuBH2w8TKZ%2FbA%3D%3D","environmentVariables":{"FIREBASE_CONFIG":"{\"projectId\":\"matthew-car-wash-and-cleaning\",\"databaseURL\":\"https://matthew-car-wash-and-cleaning-default-rtdb.firebaseio.com\",\"storageBucket\":\"matthew-car-wash-and-cleaning.firebasestorage.app\"}","GCLOUD_PROJECT":"matthew-car-wash-and-cleaning","EVENTARC_CLOUD_EVENT_SOURCE":"projects/matthew-car-wash-and-cleaning/locations/us-central1/functions/newOrderNotification"},"runtime":"nodejs22","buildId":"eb14636b-6968-41b7-b1e2-f686a0eada1e","buildEnvironmentVariables":{"GOOGLE_NODE_RUN_SCRIPTS":""},"buildName":"projects/1042442426170/locations/us-central1/builds/eb14636b-6968-41b7-b1e2-f686a0eada1e","dockerRegistry":"ARTIFACT_REGISTRY","automaticUpdatePolicy":{},"buildServiceAccount":"projects/matthew-car-wash-and-cleaning/serviceAccounts/1042442426170-compute@developer.gserviceaccount.com"},"versionId":"4","updateTime":"2026-03-12T02:00:34Z","buildId":"6bfae3a7-e387-4418-940d-279806fbbe7c","buildName":"projects/1042442426170/locations/us-central1/builds/6bfae3a7-e387-4418-940d-279806fbbe7c"}}
[debug] [2026-03-12T02:00:42.983Z] [update-default-us-central1-newOrderNotification] Retrying task index 0
[debug] [2026-03-12T02:00:42.983Z] Checked if tokens are valid: true, expires at: 1773283607402
[debug] [2026-03-12T02:00:42.985Z] Checked if tokens are valid: true, expires at: 1773283607402
[debug] [2026-03-12T02:00:42.985Z] >>> [apiv2][query] GET https://cloudfunctions.googleapis.com/v1/operations/bWF0dGhldy1jYXItd2FzaC1hbmQtY2xlYW5pbmcvdXMtY2VudHJhbDEvbmV3T3JkZXJOb3RpZmljYXRpb24vY0dMZ09BdmNwV2M [none]
[debug] [2026-03-12T02:00:43.364Z] <<< [apiv2][status] GET https://cloudfunctions.googleapis.com/v1/operations/bWF0dGhldy1jYXItd2FzaC1hbmQtY2xlYW5pbmcvdXMtY2VudHJhbDEvbmV3T3JkZXJOb3RpZmljYXRpb24vY0dMZ09BdmNwV2M 200
[debug] [2026-03-12T02:00:43.365Z] <<< [apiv2][body] GET https://cloudfunctions.googleapis.com/v1/operations/bWF0dGhldy1jYXItd2FzaC1hbmQtY2xlYW5pbmcvdXMtY2VudHJhbDEvbmV3T3JkZXJOb3RpZmljYXRpb24vY0dMZ09BdmNwV2M {"name":"operations/bWF0dGhldy1jYXItd2FzaC1hbmQtY2xlYW5pbmcvdXMtY2VudHJhbDEvbmV3T3JkZXJOb3RpZmljYXRpb24vY0dMZ09BdmNwV2M","metadata":{"@type":"type.googleapis.com/google.cloud.functions.v1.OperationMetadataV1","target":"projects/matthew-car-wash-and-cleaning/locations/us-central1/functions/newOrderNotification","type":"UPDATE_FUNCTION","request":{"@type":"type.googleapis.com/google.cloud.functions.v1.CloudFunction","name":"projects/matthew-car-wash-and-cleaning/locations/us-central1/functions/newOrderNotification","eventTrigger":{"eventType":"providers/google.firebase.database/eventTypes/ref.create","resource":"projects/_/instances/matthew-car-wash-and-cleaning-default-rtdb/refs/orders/{orderId}","service":"firebaseio.com"},"status":"ACTIVE","entryPoint":"newOrderNotification","updateTime":"2026-02-18T15:20:59.959Z","versionId":"3","labels":{"deployment-tool":"cli-firebase","firebase-functions-hash":"2c50c4bf95efa6aa78eed0c51b07afd4939aa9bd"},"sourceUploadUrl":"https://storage.googleapis.com/uploads-688446629135.us-central1.cloudfunctions.appspot.com/d12dbbe9-85d5-4348-8c25-811c2298bc77.zip?GoogleAccessId=service-1042442426170@gcf-admin-robot.iam.gserviceaccount.com&Expires=1773282631&Signature=gQTkOWCsVB%2BKqZBnj06va1XtomEnbKFtcQW0za6Ks6tcUu1OtsEgrfX7iTuXbHu4XvhEU%2FPxprJvsqniGPub4cJOXKhAJnRH6kNqQxjBN3DO5qCf%2F6EGXJqVq8D%2B5TeFB8Jjuc3ZBx%2BTZdl%2BkuWwDl9%2BJG4Qa%2BQu8ZGn1cQLPUElRTW2o6RgZfPK%2B2yvhTlHj9iintoZ6Fuj5yr4Y9V%2B7c25fkKzsAdYt%2FH34QL0ku66b%2B16HE2l5xYpImuxmTwz7g2gaTPZgqrMHHqVDgdIF5vMJ60DRiDbnBUwq3lFOVWDj%2ByfEhuQrlx2%2BFcKRakbQFAHhPaSPpuBH2w8TKZ%2FbA%3D%3D","environmentVariables":{"FIREBASE_CONFIG":"{\"projectId\":\"matthew-car-wash-and-cleaning\",\"databaseURL\":\"https://matthew-car-wash-and-cleaning-default-rtdb.firebaseio.com\",\"storageBucket\":\"matthew-car-wash-and-cleaning.firebasestorage.app\"}","GCLOUD_PROJECT":"matthew-car-wash-and-cleaning","EVENTARC_CLOUD_EVENT_SOURCE":"projects/matthew-car-wash-and-cleaning/locations/us-central1/functions/newOrderNotification"},"runtime":"nodejs22","buildId":"eb14636b-6968-41b7-b1e2-f686a0eada1e","buildEnvironmentVariables":{"GOOGLE_NODE_RUN_SCRIPTS":""},"buildName":"projects/1042442426170/locations/us-central1/builds/eb14636b-6968-41b7-b1e2-f686a0eada1e","dockerRegistry":"ARTIFACT_REGISTRY","automaticUpdatePolicy":{},"buildServiceAccount":"projects/matthew-car-wash-and-cleaning/serviceAccounts/1042442426170-compute@developer.gserviceaccount.com"},"versionId":"4","updateTime":"2026-03-12T02:00:34Z","buildId":"6bfae3a7-e387-4418-940d-279806fbbe7c","buildName":"projects/1042442426170/locations/us-central1/builds/6bfae3a7-e387-4418-940d-279806fbbe7c"}}
[debug] [2026-03-12T02:00:51.378Z] [update-default-us-central1-newOrderNotification] Retrying task index 0
[debug] [2026-03-12T02:00:51.378Z] Checked if tokens are valid: true, expires at: 1773283607402
[debug] [2026-03-12T02:00:51.379Z] Checked if tokens are valid: true, expires at: 1773283607402
[debug] [2026-03-12T02:00:51.379Z] >>> [apiv2][query] GET https://cloudfunctions.googleapis.com/v1/operations/bWF0dGhldy1jYXItd2FzaC1hbmQtY2xlYW5pbmcvdXMtY2VudHJhbDEvbmV3T3JkZXJOb3RpZmljYXRpb24vY0dMZ09BdmNwV2M [none]
[debug] [2026-03-12T02:00:51.866Z] <<< [apiv2][status] GET https://cloudfunctions.googleapis.com/v1/operations/bWF0dGhldy1jYXItd2FzaC1hbmQtY2xlYW5pbmcvdXMtY2VudHJhbDEvbmV3T3JkZXJOb3RpZmljYXRpb24vY0dMZ09BdmNwV2M 200
[debug] [2026-03-12T02:00:51.866Z] <<< [apiv2][body] GET https://cloudfunctions.googleapis.com/v1/operations/bWF0dGhldy1jYXItd2FzaC1hbmQtY2xlYW5pbmcvdXMtY2VudHJhbDEvbmV3T3JkZXJOb3RpZmljYXRpb24vY0dMZ09BdmNwV2M {"name":"operations/bWF0dGhldy1jYXItd2FzaC1hbmQtY2xlYW5pbmcvdXMtY2VudHJhbDEvbmV3T3JkZXJOb3RpZmljYXRpb24vY0dMZ09BdmNwV2M","metadata":{"@type":"type.googleapis.com/google.cloud.functions.v1.OperationMetadataV1","target":"projects/matthew-car-wash-and-cleaning/locations/us-central1/functions/newOrderNotification","type":"UPDATE_FUNCTION","request":{"@type":"type.googleapis.com/google.cloud.functions.v1.CloudFunction","name":"projects/matthew-car-wash-and-cleaning/locations/us-central1/functions/newOrderNotification","eventTrigger":{"eventType":"providers/google.firebase.database/eventTypes/ref.create","resource":"projects/_/instances/matthew-car-wash-and-cleaning-default-rtdb/refs/orders/{orderId}","service":"firebaseio.com"},"status":"ACTIVE","entryPoint":"newOrderNotification","updateTime":"2026-02-18T15:20:59.959Z","versionId":"3","labels":{"deployment-tool":"cli-firebase","firebase-functions-hash":"2c50c4bf95efa6aa78eed0c51b07afd4939aa9bd"},"sourceUploadUrl":"https://storage.googleapis.com/uploads-688446629135.us-central1.cloudfunctions.appspot.com/d12dbbe9-85d5-4348-8c25-811c2298bc77.zip?GoogleAccessId=service-1042442426170@gcf-admin-robot.iam.gserviceaccount.com&Expires=1773282631&Signature=gQTkOWCsVB%2BKqZBnj06va1XtomEnbKFtcQW0za6Ks6tcUu1OtsEgrfX7iTuXbHu4XvhEU%2FPxprJvsqniGPub4cJOXKhAJnRH6kNqQxjBN3DO5qCf%2F6EGXJqVq8D%2B5TeFB8Jjuc3ZBx%2BTZdl%2BkuWwDl9%2BJG4Qa%2BQu8ZGn1cQLPUElRTW2o6RgZfPK%2B2yvhTlHj9iintoZ6Fuj5yr4Y9V%2B7c25fkKzsAdYt%2FH34QL0ku66b%2B16HE2l5xYpImuxmTwz7g2gaTPZgqrMHHqVDgdIF5vMJ60DRiDbnBUwq3lFOVWDj%2ByfEhuQrlx2%2BFcKRakbQFAHhPaSPpuBH2w8TKZ%2FbA%3D%3D","environmentVariables":{"FIREBASE_CONFIG":"{\"projectId\":\"matthew-car-wash-and-cleaning\",\"databaseURL\":\"https://matthew-car-wash-and-cleaning-default-rtdb.firebaseio.com\",\"storageBucket\":\"matthew-car-wash-and-cleaning.firebasestorage.app\"}","GCLOUD_PROJECT":"matthew-car-wash-and-cleaning","EVENTARC_CLOUD_EVENT_SOURCE":"projects/matthew-car-wash-and-cleaning/locations/us-central1/functions/newOrderNotification"},"runtime":"nodejs22","buildId":"eb14636b-6968-41b7-b1e2-f686a0eada1e","buildEnvironmentVariables":{"GOOGLE_NODE_RUN_SCRIPTS":""},"buildName":"projects/1042442426170/locations/us-central1/builds/eb14636b-6968-41b7-b1e2-f686a0eada1e","dockerRegistry":"ARTIFACT_REGISTRY","automaticUpdatePolicy":{},"buildServiceAccount":"projects/matthew-car-wash-and-cleaning/serviceAccounts/1042442426170-compute@developer.gserviceaccount.com"},"versionId":"4","updateTime":"2026-03-12T02:00:34Z","buildId":"6bfae3a7-e387-4418-940d-279806fbbe7c","buildName":"projects/1042442426170/locations/us-central1/builds/6bfae3a7-e387-4418-940d-279806fbbe7c"}}
[debug] [2026-03-12T02:01:01.874Z] [update-default-us-central1-newOrderNotification] Retrying task index 0
[debug] [2026-03-12T02:01:01.874Z] Checked if tokens are valid: true, expires at: 1773283607402
[debug] [2026-03-12T02:01:01.874Z] Checked if tokens are valid: true, expires at: 1773283607402
[debug] [2026-03-12T02:01:01.875Z] >>> [apiv2][query] GET https://cloudfunctions.googleapis.com/v1/operations/bWF0dGhldy1jYXItd2FzaC1hbmQtY2xlYW5pbmcvdXMtY2VudHJhbDEvbmV3T3JkZXJOb3RpZmljYXRpb24vY0dMZ09BdmNwV2M [none]
[debug] [2026-03-12T02:01:02.374Z] <<< [apiv2][status] GET https://cloudfunctions.googleapis.com/v1/operations/bWF0dGhldy1jYXItd2FzaC1hbmQtY2xlYW5pbmcvdXMtY2VudHJhbDEvbmV3T3JkZXJOb3RpZmljYXRpb24vY0dMZ09BdmNwV2M 200
[debug] [2026-03-12T02:01:02.374Z] <<< [apiv2][body] GET https://cloudfunctions.googleapis.com/v1/operations/bWF0dGhldy1jYXItd2FzaC1hbmQtY2xlYW5pbmcvdXMtY2VudHJhbDEvbmV3T3JkZXJOb3RpZmljYXRpb24vY0dMZ09BdmNwV2M {"name":"operations/bWF0dGhldy1jYXItd2FzaC1hbmQtY2xlYW5pbmcvdXMtY2VudHJhbDEvbmV3T3JkZXJOb3RpZmljYXRpb24vY0dMZ09BdmNwV2M","metadata":{"@type":"type.googleapis.com/google.cloud.functions.v1.OperationMetadataV1","target":"projects/matthew-car-wash-and-cleaning/locations/us-central1/functions/newOrderNotification","type":"UPDATE_FUNCTION","request":{"@type":"type.googleapis.com/google.cloud.functions.v1.CloudFunction","name":"projects/matthew-car-wash-and-cleaning/locations/us-central1/functions/newOrderNotification","eventTrigger":{"eventType":"providers/google.firebase.database/eventTypes/ref.create","resource":"projects/_/instances/matthew-car-wash-and-cleaning-default-rtdb/refs/orders/{orderId}","service":"firebaseio.com"},"status":"ACTIVE","entryPoint":"newOrderNotification","updateTime":"2026-02-18T15:20:59.959Z","versionId":"3","labels":{"deployment-tool":"cli-firebase","firebase-functions-hash":"2c50c4bf95efa6aa78eed0c51b07afd4939aa9bd"},"sourceUploadUrl":"https://storage.googleapis.com/uploads-688446629135.us-central1.cloudfunctions.appspot.com/d12dbbe9-85d5-4348-8c25-811c2298bc77.zip?GoogleAccessId=service-1042442426170@gcf-admin-robot.iam.gserviceaccount.com&Expires=1773282631&Signature=gQTkOWCsVB%2BKqZBnj06va1XtomEnbKFtcQW0za6Ks6tcUu1OtsEgrfX7iTuXbHu4XvhEU%2FPxprJvsqniGPub4cJOXKhAJnRH6kNqQxjBN3DO5qCf%2F6EGXJqVq8D%2B5TeFB8Jjuc3ZBx%2BTZdl%2BkuWwDl9%2BJG4Qa%2BQu8ZGn1cQLPUElRTW2o6RgZfPK%2B2yvhTlHj9iintoZ6Fuj5yr4Y9V%2B7c25fkKzsAdYt%2FH34QL0ku66b%2B16HE2l5xYpImuxmTwz7g2gaTPZgqrMHHqVDgdIF5vMJ60DRiDbnBUwq3lFOVWDj%2ByfEhuQrlx2%2BFcKRakbQFAHhPaSPpuBH2w8TKZ%2FbA%3D%3D","environmentVariables":{"FIREBASE_CONFIG":"{\"projectId\":\"matthew-car-wash-and-cleaning\",\"databaseURL\":\"https://matthew-car-wash-and-cleaning-default-rtdb.firebaseio.com\",\"storageBucket\":\"matthew-car-wash-and-cleaning.firebasestorage.app\"}","GCLOUD_PROJECT":"matthew-car-wash-and-cleaning","EVENTARC_CLOUD_EVENT_SOURCE":"projects/matthew-car-wash-and-cleaning/locations/us-central1/functions/newOrderNotification"},"runtime":"nodejs22","buildId":"eb14636b-6968-41b7-b1e2-f686a0eada1e","buildEnvironmentVariables":{"GOOGLE_NODE_RUN_SCRIPTS":""},"buildName":"projects/1042442426170/locations/us-central1/builds/eb14636b-6968-41b7-b1e2-f686a0eada1e","dockerRegistry":"ARTIFACT_REGISTRY","automaticUpdatePolicy":{},"buildServiceAccount":"projects/matthew-car-wash-and-cleaning/serviceAccounts/1042442426170-compute@developer.gserviceaccount.com"},"versionId":"4","updateTime":"2026-03-12T02:00:34Z","buildId":"6bfae3a7-e387-4418-940d-279806fbbe7c","buildName":"projects/1042442426170/locations/us-central1/builds/6bfae3a7-e387-4418-940d-279806fbbe7c"}}
[debug] [2026-03-12T02:01:12.386Z] [update-default-us-central1-newOrderNotification] Retrying task index 0
[debug] [2026-03-12T02:01:12.387Z] Checked if tokens are valid: true, expires at: 1773283607402
[debug] [2026-03-12T02:01:12.387Z] Checked if tokens are valid: true, expires at: 1773283607402
[debug] [2026-03-12T02:01:12.388Z] >>> [apiv2][query] GET https://cloudfunctions.googleapis.com/v1/operations/bWF0dGhldy1jYXItd2FzaC1hbmQtY2xlYW5pbmcvdXMtY2VudHJhbDEvbmV3T3JkZXJOb3RpZmljYXRpb24vY0dMZ09BdmNwV2M [none]
[debug] [2026-03-12T02:01:12.913Z] <<< [apiv2][status] GET https://cloudfunctions.googleapis.com/v1/operations/bWF0dGhldy1jYXItd2FzaC1hbmQtY2xlYW5pbmcvdXMtY2VudHJhbDEvbmV3T3JkZXJOb3RpZmljYXRpb24vY0dMZ09BdmNwV2M 200
[debug] [2026-03-12T02:01:12.913Z] <<< [apiv2][body] GET https://cloudfunctions.googleapis.com/v1/operations/bWF0dGhldy1jYXItd2FzaC1hbmQtY2xlYW5pbmcvdXMtY2VudHJhbDEvbmV3T3JkZXJOb3RpZmljYXRpb24vY0dMZ09BdmNwV2M {"name":"operations/bWF0dGhldy1jYXItd2FzaC1hbmQtY2xlYW5pbmcvdXMtY2VudHJhbDEvbmV3T3JkZXJOb3RpZmljYXRpb24vY0dMZ09BdmNwV2M","metadata":{"@type":"type.googleapis.com/google.cloud.functions.v1.OperationMetadataV1","target":"projects/matthew-car-wash-and-cleaning/locations/us-central1/functions/newOrderNotification","type":"UPDATE_FUNCTION","request":{"@type":"type.googleapis.com/google.cloud.functions.v1.CloudFunction","name":"projects/matthew-car-wash-and-cleaning/locations/us-central1/functions/newOrderNotification","eventTrigger":{"eventType":"providers/google.firebase.database/eventTypes/ref.create","resource":"projects/_/instances/matthew-car-wash-and-cleaning-default-rtdb/refs/orders/{orderId}","service":"firebaseio.com"},"status":"ACTIVE","entryPoint":"newOrderNotification","updateTime":"2026-02-18T15:20:59.959Z","versionId":"3","labels":{"deployment-tool":"cli-firebase","firebase-functions-hash":"2c50c4bf95efa6aa78eed0c51b07afd4939aa9bd"},"sourceUploadUrl":"https://storage.googleapis.com/uploads-688446629135.us-central1.cloudfunctions.appspot.com/d12dbbe9-85d5-4348-8c25-811c2298bc77.zip?GoogleAccessId=service-1042442426170@gcf-admin-robot.iam.gserviceaccount.com&Expires=1773282631&Signature=gQTkOWCsVB%2BKqZBnj06va1XtomEnbKFtcQW0za6Ks6tcUu1OtsEgrfX7iTuXbHu4XvhEU%2FPxprJvsqniGPub4cJOXKhAJnRH6kNqQxjBN3DO5qCf%2F6EGXJqVq8D%2B5TeFB8Jjuc3ZBx%2BTZdl%2BkuWwDl9%2BJG4Qa%2BQu8ZGn1cQLPUElRTW2o6RgZfPK%2B2yvhTlHj9iintoZ6Fuj5yr4Y9V%2B7c25fkKzsAdYt%2FH34QL0ku66b%2B16HE2l5xYpImuxmTwz7g2gaTPZgqrMHHqVDgdIF5vMJ60DRiDbnBUwq3lFOVWDj%2ByfEhuQrlx2%2BFcKRakbQFAHhPaSPpuBH2w8TKZ%2FbA%3D%3D","environmentVariables":{"FIREBASE_CONFIG":"{\"projectId\":\"matthew-car-wash-and-cleaning\",\"databaseURL\":\"https://matthew-car-wash-and-cleaning-default-rtdb.firebaseio.com\",\"storageBucket\":\"matthew-car-wash-and-cleaning.firebasestorage.app\"}","GCLOUD_PROJECT":"matthew-car-wash-and-cleaning","EVENTARC_CLOUD_EVENT_SOURCE":"projects/matthew-car-wash-and-cleaning/locations/us-central1/functions/newOrderNotification"},"runtime":"nodejs22","buildId":"eb14636b-6968-41b7-b1e2-f686a0eada1e","buildEnvironmentVariables":{"GOOGLE_NODE_RUN_SCRIPTS":""},"buildName":"projects/1042442426170/locations/us-central1/builds/eb14636b-6968-41b7-b1e2-f686a0eada1e","dockerRegistry":"ARTIFACT_REGISTRY","automaticUpdatePolicy":{},"buildServiceAccount":"projects/matthew-car-wash-and-cleaning/serviceAccounts/1042442426170-compute@developer.gserviceaccount.com"},"versionId":"4","updateTime":"2026-03-12T02:00:34Z","buildId":"6bfae3a7-e387-4418-940d-279806fbbe7c","buildName":"projects/1042442426170/locations/us-central1/builds/6bfae3a7-e387-4418-940d-279806fbbe7c"}}
